21:04:13    16 -->                                                             [tcl] ucliGUI::connect -toolargs -ucligui -toolexe simv +v2k +notimingcheck +nospecify +vcs+flush+all -a compile.log -a run.log -pid 12868 -toolin /tmp/vcs_20221117130411_12867_icer..stdin -toolout /tmp/vcs_20221117130411_12867_icer..stdout  
21:04:13    17 -->                                                                 [tcl] set ucliGUI::state
21:04:13    18 -->                                                                     [tcl] set dveMisc::dve_log_file 1
21:04:13    19 -->                                                                         [tcl] gui_update_simulator_buttons
21:04:14    20 -->                                                                             [tcl] set ucliGUI::state
21:04:14    21 -->                                                                                 [tcl] ucliCore::getToolPID
21:04:14    22 -->                                                                                     [tcl] synopsys::env hasTB
21:04:14    23 -->                                                                                         [tcl] trigger_hier_stack_context_switch 0
21:04:14    24 -->                                                                                             [tcl] synopsys::xml set_array_limit <data limit="50" />
21:04:14    25 --> ...  [tcl] synopsys::xml set_depth_limit <data limit="100" />
21:04:14    26 --> ...      [tcl] synopsys::xml set_string_limit <data limit="1000" />
21:04:14    27 --> ...          [tcl] synopsys::xml set_only_active_frame <data value="1" />
21:04:14    28 --> ...              [tcl] synopsys::xml set_variable_frame_id <data value="1" />
21:04:14    29 --> ...                  [tcl] synUtils::setDVEInitPhase 1
21:04:14    30 --> ...                      [tcl] gui_get_env SIMSETUP::SIMVPD
21:04:14    31 --> ...                          [tcl] synopsys::dump -type VPD -file /home/icer/Desktop/fundamentals/verify/1simpleadder/inter.vpd -locking
21:04:14    32 --> ...                              [tcl] synopsys::dump -autoflush on -fid VPD0
21:04:14    33 --> ...                                  [tcl] set ::dve_fid VPD0
21:04:14    34 --> ...                                      [tcl] synUtils::setDVEInitPhase 0
21:04:14    35 --> ...                                          [tcl] ucliCore::getToolPID
21:04:14    36 --> ...                                              [tcl] synUtils::sendTool -active _icl_setToolSocket /tmp/smlnpqREYaD
21:04:14    37 --> ...                                                  [tcl] synUtils::sendTool -active {_icl_start_rpc -version "O-2018.09-SP2_Full64" -sync_file /tmp/vcs_dve_rpc.icer.12868}
21:04:14    38 --> ...                                                      [tcl] synUtils::sendTool -active {_icl_createSharedMemory /tmp/vcs_dve_general.icer.12868}
21:04:15    39 --> ...                                                          [tcl] dveMisc::vbusExpand uvm_pkg
21:04:15    40 --> ...                                                              [tcl] config endofsim noexit
21:04:15    41 --> ...                                                                  [tcl] config onfail enable all
21:04:15    42 --> ...                                                                      [tcl] config syscaddplainmembers
21:04:15    43 --> ...                                                                          [tcl] config syscaddsourcenames
21:04:15    44 --> ...                                                                              [tcl] config syscaddstructtypes
21:04:15    45 --> ...                                                                                  [tcl] synopsys::listing -disable
21:04:18    46 --> ...                                                                                      [tcl] synopsys::dump -add {tb.vif} -aggregates  -fid VPD0
21:04:21    47 --> ...                                                                                          [tcl] synopsys::run
21:04:21    48 --> ...                                                                                              [tcl] set ucliGUI::state
21:04:21    49 --> ...                                                                                                  [tcl] gui_update_simulator_buttons
21:04:21    50 --> ...  [tcl] set ucliGUI::state
21:04:21    51 --> ...      [tcl] set ucliGUI::state
21:04:21    52 --> ...          [tcl] set ucliGUI::state
21:04:21    53 --> ...              [tcl] catch {senv activeDomain} dveMisc::result 
21:04:21    54 --> ...                  [tcl] set dveMisc::result
21:04:21    55 --> ...                      [tcl] gui_update_simulator_buttons
21:04:22    56 --> ...                          [tcl] synopsys::xml get_stop_data
21:04:22    57 --> ...                              [tcl] synopsys::xml {frames <data updateType="preserve" itemId="none" viewId="Stack.1" />}
21:04:22    58 --> ...                                  [tcl] dveMisc::vbusExpand {uvm_pkg.\uvm_root::run_test }
13:33:36    59 --> ...                                      [tcl] if [catch {gui_sim_terminate}] {gui_sim_terminate -kill}
13:33:36    60 --> ...                                          [tcl] synopsys::finish
13:33:36    61 --> ...                                              [tcl] set ucliGUI::state
13:33:36    62 --> ...                                                  [tcl] gui_update_simulator_buttons
13:33:36    63 --> ...                                                      [tcl] set ucliGUI::state
13:33:36    64 --> ...                                                          [tcl] catch {senv activeDomain} dveMisc::result 
13:33:36    65 --> ...                                                              [tcl] set dveMisc::result
13:33:36    66 --> ...                                                                  [tcl] gui_update_simulator_buttons
13:33:36    67 --> ...                                                                      [tcl] catch {senv activeDomain} dveMisc::result 
13:33:36    68 --> ...                                                                          [tcl] set dveMisc::result
13:33:36    69 --> ...                                                                              [tcl] ucli_exit
