Notice: timing checks disabled with +notimingcheck at compile-time
Chronologic VCS simulator copyright 1991-2018
Contains Synopsys proprietary information.
Compiler version O-2018.09-SP2_Full64; Runtime version O-2018.09-SP2_Full64;  Nov 17 21:04 2022
UVM_INFO /opt/uvm/uvm-1.2/src/base/uvm_root.svh(392) @ 0: reporter [UVM/RELNOTES] 
----------------------------------------------------------------
UVM-1.2
(C) 2007-2014 Mentor Graphics Corporation
(C) 2007-2014 Cadence Design Systems, Inc.
(C) 2006-2014 Synopsys, Inc.
(C) 2011-2013 Cypress Semiconductor Corp.
(C) 2013-2014 NVIDIA Corporation
----------------------------------------------------------------

  ***********       IMPORTANT RELEASE NOTES         ************

  You are using a version of the UVM library that has been compiled
  with `UVM_NO_DEPRECATED undefined.
  See http://www.eda.org/svdb/view.php?id=3313 for more details.

  You are using a version of the UVM library that has been compiled
  with `UVM_OBJECT_DO_NOT_NEED_CONSTRUCTOR undefined.
  See http://www.eda.org/svdb/view.php?id=3770 for more details.

      (Specify +UVM_NO_RELNOTES to turn off this notice)

VCD+ Writer O-2018.09-SP2_Full64 Copyright (c) 1991-2018 by Synopsys Inc.
The design has assertions or cover properties.
The assertion browser can be used to view them. Click on the assertion toolbar button or use the menu 'Window->Panes->Assertion' to open it.
The file '/home/icer/Desktop/fundamentals/verify/1simpleadder/inter.vpd' was opened successfully.
UVM_INFO @ 0: reporter [RNTST] Running test simpleadder_test...
UVM_INFO simpleadder_scoreboard.sv(52) @ 60: uvm_test_top.sa_env.sa_sb [compare] Test: OK!
UVM_INFO simpleadder_scoreboard.sv(52) @ 120: uvm_test_top.sa_env.sa_sb [compare] Test: OK!
UVM_INFO simpleadder_scoreboard.sv(52) @ 180: uvm_test_top.sa_env.sa_sb [compare] Test: OK!
UVM_INFO simpleadder_scoreboard.sv(52) @ 240: uvm_test_top.sa_env.sa_sb [compare] Test: OK!
UVM_INFO simpleadder_scoreboard.sv(52) @ 300: uvm_test_top.sa_env.sa_sb [compare] Test: OK!
UVM_INFO simpleadder_scoreboard.sv(52) @ 360: uvm_test_top.sa_env.sa_sb [compare] Test: OK!
UVM_INFO simpleadder_scoreboard.sv(52) @ 420: uvm_test_top.sa_env.sa_sb [compare] Test: OK!
UVM_INFO simpleadder_scoreboard.sv(52) @ 480: uvm_test_top.sa_env.sa_sb [compare] Test: OK!
UVM_INFO simpleadder_scoreboard.sv(52) @ 540: uvm_test_top.sa_env.sa_sb [compare] Test: OK!
UVM_INFO simpleadder_scoreboard.sv(52) @ 600: uvm_test_top.sa_env.sa_sb [compare] Test: OK!
UVM_INFO simpleadder_scoreboard.sv(52) @ 660: uvm_test_top.sa_env.sa_sb [compare] Test: OK!
UVM_INFO simpleadder_scoreboard.sv(52) @ 720: uvm_test_top.sa_env.sa_sb [compare] Test: OK!
UVM_INFO simpleadder_scoreboard.sv(52) @ 780: uvm_test_top.sa_env.sa_sb [compare] Test: OK!
UVM_INFO simpleadder_scoreboard.sv(52) @ 840: uvm_test_top.sa_env.sa_sb [compare] Test: OK!
UVM_INFO /opt/uvm/uvm-1.2/src/base/uvm_objection.svh(1270) @ 890: reporter [TEST_DONE] 'run' phase is ready to proceed to the 'extract' phase
UVM_INFO /opt/uvm/uvm-1.2/src/base/uvm_report_server.svh(847) @ 890: reporter [UVM/REPORT/SERVER] 
--- UVM Report Summary ---

** Report counts by severity
UVM_INFO :   17
UVM_WARNING :    0
UVM_ERROR :    0
UVM_FATAL :    0
** Report counts by id
[RNTST]     1
[TEST_DONE]     1
[UVM/RELNOTES]     1
[compare]    14

$finish called from file "/opt/uvm/uvm-1.2/src/base/uvm_root.svh", line 517.
$finish at simulation time                  890
Simulation complete, time is 890 ns.
           V C S   S i m u l a t i o n   R e p o r t 
Time: 890 ns
CPU Time:      0.730 seconds;       Data structure size:   8.4Mb
Fri Nov 18 13:33:36 2022
