Command: vcs -full64 -sverilog +v2k -timescale=1ns/1ns -cpp g++-4.8 -cc gcc-4.8 -LDFLAGS \
-Wl,--no-as-needed -lpthread -debug_all +notimingcheck +nospecify +vcs+flush+all \
-o simv -l compile.log /opt/uvm/uvm-1.2/src/dpi/uvm_dpi.cc -CFLAGS -DVCS +incdir+/opt/uvm/uvm-1.2/src \
/opt/uvm/uvm-1.2/src/uvm.sv -top tb -fsdb -f file.f -R -gui -l run.log
*** Using c compiler gcc-4.8 instead of cc ...
                         Chronologic VCS (TM)
       Version O-2018.09-SP2_Full64 -- Wed Dec 14 18:34:43 2022
               Copyright (c) 1991-2018 by Synopsys Inc.
                         ALL RIGHTS RESERVED

This program is proprietary and confidential information of Synopsys Inc.
and may be used and disclosed only as authorized in a license agreement
controlling such use and disclosure.


Warning-[DEBUG_DEP] Option will be deprecated
  The option '-debug_all' will be deprecated in a future release.  Please use 
  '-debug_acc+all -debug_region+cell+encrypt' instead.

Parsing design file '/opt/uvm/uvm-1.2/src/uvm.sv'
Parsing included file '/opt/uvm/uvm-1.2/src/uvm_pkg.sv'.
Parsing included file '/opt/uvm/uvm-1.2/src/uvm_macros.svh'.
Parsing included file '/opt/uvm/uvm-1.2/src/macros/uvm_version_defines.svh'.
Back to file '/opt/uvm/uvm-1.2/src/uvm_macros.svh'.
Parsing included file '/opt/uvm/uvm-1.2/src/macros/uvm_global_defines.svh'.
Back to file '/opt/uvm/uvm-1.2/src/uvm_macros.svh'.
Parsing included file '/opt/uvm/uvm-1.2/src/macros/uvm_message_defines.svh'.
Back to file '/opt/uvm/uvm-1.2/src/uvm_macros.svh'.
Parsing included file '/opt/uvm/uvm-1.2/src/macros/uvm_phase_defines.svh'.
Back to file '/opt/uvm/uvm-1.2/src/uvm_macros.svh'.
Parsing included file '/opt/uvm/uvm-1.2/src/macros/uvm_object_defines.svh'.
Back to file '/opt/uvm/uvm-1.2/src/uvm_macros.svh'.
Parsing included file '/opt/uvm/uvm-1.2/src/macros/uvm_printer_defines.svh'.
Back to file '/opt/uvm/uvm-1.2/src/uvm_macros.svh'.
Parsing included file '/opt/uvm/uvm-1.2/src/macros/uvm_tlm_defines.svh'.
Parsing included file '/opt/uvm/uvm-1.2/src/tlm1/uvm_tlm_imps.svh'.
Back to file '/opt/uvm/uvm-1.2/src/macros/uvm_tlm_defines.svh'.
Back to file '/opt/uvm/uvm-1.2/src/uvm_macros.svh'.
Parsing included file '/opt/uvm/uvm-1.2/src/macros/uvm_sequence_defines.svh'.
Back to file '/opt/uvm/uvm-1.2/src/uvm_macros.svh'.
Parsing included file '/opt/uvm/uvm-1.2/src/macros/uvm_callback_defines.svh'.
Back to file '/opt/uvm/uvm-1.2/src/uvm_macros.svh'.
Parsing included file '/opt/uvm/uvm-1.2/src/macros/uvm_reg_defines.svh'.
Back to file '/opt/uvm/uvm-1.2/src/uvm_macros.svh'.
Parsing included file '/opt/uvm/uvm-1.2/src/macros/uvm_deprecated_defines.svh'.
Back to file '/opt/uvm/uvm-1.2/src/uvm_macros.svh'.
Back to file '/opt/uvm/uvm-1.2/src/uvm_pkg.sv'.
Parsing included file '/opt/uvm/uvm-1.2/src/dpi/uvm_dpi.svh'.
Parsing included file '/opt/uvm/uvm-1.2/src/dpi/uvm_hdl.svh'.
Back to file '/opt/uvm/uvm-1.2/src/dpi/uvm_dpi.svh'.
Parsing included file '/opt/uvm/uvm-1.2/src/dpi/uvm_svcmd_dpi.svh'.
Back to file '/opt/uvm/uvm-1.2/src/dpi/uvm_dpi.svh'.
Parsing included file '/opt/uvm/uvm-1.2/src/dpi/uvm_regex.svh'.
Back to file '/opt/uvm/uvm-1.2/src/dpi/uvm_dpi.svh'.
Back to file '/opt/uvm/uvm-1.2/src/uvm_pkg.sv'.
Parsing included file '/opt/uvm/uvm-1.2/src/base/uvm_base.svh'.
Parsing included file '/opt/uvm/uvm-1.2/src/base/uvm_coreservice.svh'.
Back to file '/opt/uvm/uvm-1.2/src/base/uvm_base.svh'.
Parsing included file '/opt/uvm/uvm-1.2/src/base/uvm_version.svh'.
Back to file '/opt/uvm/uvm-1.2/src/base/uvm_base.svh'.
Parsing included file '/opt/uvm/uvm-1.2/src/base/uvm_object_globals.svh'.
Back to file '/opt/uvm/uvm-1.2/src/base/uvm_base.svh'.
Parsing included file '/opt/uvm/uvm-1.2/src/base/uvm_misc.svh'.
Back to file '/opt/uvm/uvm-1.2/src/base/uvm_base.svh'.
Parsing included file '/opt/uvm/uvm-1.2/src/base/uvm_object.svh'.
Back to file '/opt/uvm/uvm-1.2/src/base/uvm_base.svh'.
Parsing included file '/opt/uvm/uvm-1.2/src/base/uvm_pool.svh'.
Back to file '/opt/uvm/uvm-1.2/src/base/uvm_base.svh'.
Parsing included file '/opt/uvm/uvm-1.2/src/base/uvm_queue.svh'.
Back to file '/opt/uvm/uvm-1.2/src/base/uvm_base.svh'.
Parsing included file '/opt/uvm/uvm-1.2/src/base/uvm_factory.svh'.
Back to file '/opt/uvm/uvm-1.2/src/base/uvm_base.svh'.
Parsing included file '/opt/uvm/uvm-1.2/src/base/uvm_registry.svh'.
Back to file '/opt/uvm/uvm-1.2/src/base/uvm_base.svh'.
Parsing included file '/opt/uvm/uvm-1.2/src/base/uvm_spell_chkr.svh'.
Back to file '/opt/uvm/uvm-1.2/src/base/uvm_base.svh'.
Parsing included file '/opt/uvm/uvm-1.2/src/base/uvm_resource.svh'.
Back to file '/opt/uvm/uvm-1.2/src/base/uvm_base.svh'.
Parsing included file '/opt/uvm/uvm-1.2/src/base/uvm_resource_specializations.svh'.
Back to file '/opt/uvm/uvm-1.2/src/base/uvm_base.svh'.
Parsing included file '/opt/uvm/uvm-1.2/src/base/uvm_resource_db.svh'.
Back to file '/opt/uvm/uvm-1.2/src/base/uvm_base.svh'.
Parsing included file '/opt/uvm/uvm-1.2/src/base/uvm_config_db.svh'.
Back to file '/opt/uvm/uvm-1.2/src/base/uvm_base.svh'.
Parsing included file '/opt/uvm/uvm-1.2/src/base/uvm_printer.svh'.
Back to file '/opt/uvm/uvm-1.2/src/base/uvm_base.svh'.
Parsing included file '/opt/uvm/uvm-1.2/src/base/uvm_comparer.svh'.
Back to file '/opt/uvm/uvm-1.2/src/base/uvm_base.svh'.
Parsing included file '/opt/uvm/uvm-1.2/src/base/uvm_packer.svh'.
Back to file '/opt/uvm/uvm-1.2/src/base/uvm_base.svh'.
Parsing included file '/opt/uvm/uvm-1.2/src/base/uvm_links.svh'.
Back to file '/opt/uvm/uvm-1.2/src/base/uvm_base.svh'.
Parsing included file '/opt/uvm/uvm-1.2/src/base/uvm_tr_database.svh'.
Back to file '/opt/uvm/uvm-1.2/src/base/uvm_base.svh'.
Parsing included file '/opt/uvm/uvm-1.2/src/base/uvm_tr_stream.svh'.
Back to file '/opt/uvm/uvm-1.2/src/base/uvm_base.svh'.
Parsing included file '/opt/uvm/uvm-1.2/src/base/uvm_recorder.svh'.
Back to file '/opt/uvm/uvm-1.2/src/base/uvm_base.svh'.
Parsing included file '/opt/uvm/uvm-1.2/src/base/uvm_event_callback.svh'.
Back to file '/opt/uvm/uvm-1.2/src/base/uvm_base.svh'.
Parsing included file '/opt/uvm/uvm-1.2/src/base/uvm_event.svh'.
Back to file '/opt/uvm/uvm-1.2/src/base/uvm_base.svh'.
Parsing included file '/opt/uvm/uvm-1.2/src/base/uvm_barrier.svh'.
Back to file '/opt/uvm/uvm-1.2/src/base/uvm_base.svh'.
Parsing included file '/opt/uvm/uvm-1.2/src/base/uvm_callback.svh'.
Parsing included file '/opt/uvm/uvm-1.2/src/uvm_macros.svh'.
Back to file '/opt/uvm/uvm-1.2/src/base/uvm_callback.svh'.
Back to file '/opt/uvm/uvm-1.2/src/base/uvm_base.svh'.
Parsing included file '/opt/uvm/uvm-1.2/src/base/uvm_report_message.svh'.
Back to file '/opt/uvm/uvm-1.2/src/base/uvm_base.svh'.
Parsing included file '/opt/uvm/uvm-1.2/src/base/uvm_report_catcher.svh'.
Back to file '/opt/uvm/uvm-1.2/src/base/uvm_base.svh'.
Parsing included file '/opt/uvm/uvm-1.2/src/base/uvm_report_server.svh'.
Back to file '/opt/uvm/uvm-1.2/src/base/uvm_base.svh'.
Parsing included file '/opt/uvm/uvm-1.2/src/base/uvm_report_handler.svh'.
Back to file '/opt/uvm/uvm-1.2/src/base/uvm_base.svh'.
Parsing included file '/opt/uvm/uvm-1.2/src/base/uvm_report_object.svh'.
Back to file '/opt/uvm/uvm-1.2/src/base/uvm_base.svh'.
Parsing included file '/opt/uvm/uvm-1.2/src/base/uvm_transaction.svh'.
Back to file '/opt/uvm/uvm-1.2/src/base/uvm_base.svh'.
Parsing included file '/opt/uvm/uvm-1.2/src/base/uvm_phase.svh'.
Back to file '/opt/uvm/uvm-1.2/src/base/uvm_base.svh'.
Parsing included file '/opt/uvm/uvm-1.2/src/base/uvm_domain.svh'.
Back to file '/opt/uvm/uvm-1.2/src/base/uvm_base.svh'.
Parsing included file '/opt/uvm/uvm-1.2/src/base/uvm_bottomup_phase.svh'.
Back to file '/opt/uvm/uvm-1.2/src/base/uvm_base.svh'.
Parsing included file '/opt/uvm/uvm-1.2/src/base/uvm_topdown_phase.svh'.
Back to file '/opt/uvm/uvm-1.2/src/base/uvm_base.svh'.
Parsing included file '/opt/uvm/uvm-1.2/src/base/uvm_task_phase.svh'.
Back to file '/opt/uvm/uvm-1.2/src/base/uvm_base.svh'.
Parsing included file '/opt/uvm/uvm-1.2/src/base/uvm_common_phases.svh'.
Back to file '/opt/uvm/uvm-1.2/src/base/uvm_base.svh'.
Parsing included file '/opt/uvm/uvm-1.2/src/base/uvm_runtime_phases.svh'.
Back to file '/opt/uvm/uvm-1.2/src/base/uvm_base.svh'.
Parsing included file '/opt/uvm/uvm-1.2/src/base/uvm_component.svh'.
Parsing included file '/opt/uvm/uvm-1.2/src/base/uvm_root.svh'.
Back to file '/opt/uvm/uvm-1.2/src/base/uvm_component.svh'.
Back to file '/opt/uvm/uvm-1.2/src/base/uvm_base.svh'.
Parsing included file '/opt/uvm/uvm-1.2/src/base/uvm_objection.svh'.
Back to file '/opt/uvm/uvm-1.2/src/base/uvm_base.svh'.
Parsing included file '/opt/uvm/uvm-1.2/src/base/uvm_heartbeat.svh'.
Back to file '/opt/uvm/uvm-1.2/src/base/uvm_base.svh'.
Parsing included file '/opt/uvm/uvm-1.2/src/base/uvm_globals.svh'.
Back to file '/opt/uvm/uvm-1.2/src/base/uvm_base.svh'.
Parsing included file '/opt/uvm/uvm-1.2/src/base/uvm_cmdline_processor.svh'.
Back to file '/opt/uvm/uvm-1.2/src/base/uvm_base.svh'.
Parsing included file '/opt/uvm/uvm-1.2/src/base/uvm_traversal.svh'.
Back to file '/opt/uvm/uvm-1.2/src/base/uvm_base.svh'.
Back to file '/opt/uvm/uvm-1.2/src/uvm_pkg.sv'.
Parsing included file '/opt/uvm/uvm-1.2/src/dap/uvm_dap.svh'.
Parsing included file '/opt/uvm/uvm-1.2/src/dap/uvm_set_get_dap_base.svh'.
Back to file '/opt/uvm/uvm-1.2/src/dap/uvm_dap.svh'.
Parsing included file '/opt/uvm/uvm-1.2/src/dap/uvm_simple_lock_dap.svh'.
Back to file '/opt/uvm/uvm-1.2/src/dap/uvm_dap.svh'.
Parsing included file '/opt/uvm/uvm-1.2/src/dap/uvm_get_to_lock_dap.svh'.
Back to file '/opt/uvm/uvm-1.2/src/dap/uvm_dap.svh'.
Parsing included file '/opt/uvm/uvm-1.2/src/dap/uvm_set_before_get_dap.svh'.
Back to file '/opt/uvm/uvm-1.2/src/dap/uvm_dap.svh'.
Back to file '/opt/uvm/uvm-1.2/src/uvm_pkg.sv'.
Parsing included file '/opt/uvm/uvm-1.2/src/tlm1/uvm_tlm.svh'.
Parsing included file '/opt/uvm/uvm-1.2/src/tlm1/uvm_tlm_ifs.svh'.
Back to file '/opt/uvm/uvm-1.2/src/tlm1/uvm_tlm.svh'.
Parsing included file '/opt/uvm/uvm-1.2/src/tlm1/uvm_sqr_ifs.svh'.
Back to file '/opt/uvm/uvm-1.2/src/tlm1/uvm_tlm.svh'.
Parsing included file '/opt/uvm/uvm-1.2/src/base/uvm_port_base.svh'.
Back to file '/opt/uvm/uvm-1.2/src/tlm1/uvm_tlm.svh'.
Parsing included file '/opt/uvm/uvm-1.2/src/tlm1/uvm_tlm_imps.svh'.
Back to file '/opt/uvm/uvm-1.2/src/tlm1/uvm_tlm.svh'.
Parsing included file '/opt/uvm/uvm-1.2/src/tlm1/uvm_imps.svh'.
Back to file '/opt/uvm/uvm-1.2/src/tlm1/uvm_tlm.svh'.
Parsing included file '/opt/uvm/uvm-1.2/src/tlm1/uvm_ports.svh'.
Back to file '/opt/uvm/uvm-1.2/src/tlm1/uvm_tlm.svh'.
Parsing included file '/opt/uvm/uvm-1.2/src/tlm1/uvm_exports.svh'.
Back to file '/opt/uvm/uvm-1.2/src/tlm1/uvm_tlm.svh'.
Parsing included file '/opt/uvm/uvm-1.2/src/tlm1/uvm_analysis_port.svh'.
Back to file '/opt/uvm/uvm-1.2/src/tlm1/uvm_tlm.svh'.
Parsing included file '/opt/uvm/uvm-1.2/src/tlm1/uvm_tlm_fifo_base.svh'.
Back to file '/opt/uvm/uvm-1.2/src/tlm1/uvm_tlm.svh'.
Parsing included file '/opt/uvm/uvm-1.2/src/tlm1/uvm_tlm_fifos.svh'.
Back to file '/opt/uvm/uvm-1.2/src/tlm1/uvm_tlm.svh'.
Parsing included file '/opt/uvm/uvm-1.2/src/tlm1/uvm_tlm_req_rsp.svh'.
Back to file '/opt/uvm/uvm-1.2/src/tlm1/uvm_tlm.svh'.
Parsing included file '/opt/uvm/uvm-1.2/src/tlm1/uvm_sqr_connections.svh'.
Back to file '/opt/uvm/uvm-1.2/src/tlm1/uvm_tlm.svh'.
Back to file '/opt/uvm/uvm-1.2/src/uvm_pkg.sv'.
Parsing included file '/opt/uvm/uvm-1.2/src/comps/uvm_comps.svh'.
Parsing included file '/opt/uvm/uvm-1.2/src/comps/uvm_pair.svh'.
Back to file '/opt/uvm/uvm-1.2/src/comps/uvm_comps.svh'.
Parsing included file '/opt/uvm/uvm-1.2/src/comps/uvm_policies.svh'.
Back to file '/opt/uvm/uvm-1.2/src/comps/uvm_comps.svh'.
Parsing included file '/opt/uvm/uvm-1.2/src/comps/uvm_in_order_comparator.svh'.
Back to file '/opt/uvm/uvm-1.2/src/comps/uvm_comps.svh'.
Parsing included file '/opt/uvm/uvm-1.2/src/comps/uvm_algorithmic_comparator.svh'.
Back to file '/opt/uvm/uvm-1.2/src/comps/uvm_comps.svh'.
Parsing included file '/opt/uvm/uvm-1.2/src/comps/uvm_random_stimulus.svh'.
Back to file '/opt/uvm/uvm-1.2/src/comps/uvm_comps.svh'.
Parsing included file '/opt/uvm/uvm-1.2/src/comps/uvm_subscriber.svh'.
Back to file '/opt/uvm/uvm-1.2/src/comps/uvm_comps.svh'.
Parsing included file '/opt/uvm/uvm-1.2/src/comps/uvm_monitor.svh'.
Back to file '/opt/uvm/uvm-1.2/src/comps/uvm_comps.svh'.
Parsing included file '/opt/uvm/uvm-1.2/src/comps/uvm_driver.svh'.
Back to file '/opt/uvm/uvm-1.2/src/comps/uvm_comps.svh'.
Parsing included file '/opt/uvm/uvm-1.2/src/comps/uvm_push_driver.svh'.
Back to file '/opt/uvm/uvm-1.2/src/comps/uvm_comps.svh'.
Parsing included file '/opt/uvm/uvm-1.2/src/comps/uvm_scoreboard.svh'.
Back to file '/opt/uvm/uvm-1.2/src/comps/uvm_comps.svh'.
Parsing included file '/opt/uvm/uvm-1.2/src/comps/uvm_agent.svh'.
Back to file '/opt/uvm/uvm-1.2/src/comps/uvm_comps.svh'.
Parsing included file '/opt/uvm/uvm-1.2/src/comps/uvm_env.svh'.
Back to file '/opt/uvm/uvm-1.2/src/comps/uvm_comps.svh'.
Parsing included file '/opt/uvm/uvm-1.2/src/comps/uvm_test.svh'.
Back to file '/opt/uvm/uvm-1.2/src/comps/uvm_comps.svh'.
Back to file '/opt/uvm/uvm-1.2/src/uvm_pkg.sv'.
Parsing included file '/opt/uvm/uvm-1.2/src/seq/uvm_seq.svh'.
Parsing included file '/opt/uvm/uvm-1.2/src/seq/uvm_sequence_item.svh'.
Back to file '/opt/uvm/uvm-1.2/src/seq/uvm_seq.svh'.
Parsing included file '/opt/uvm/uvm-1.2/src/seq/uvm_sequencer_base.svh'.
Back to file '/opt/uvm/uvm-1.2/src/seq/uvm_seq.svh'.
Parsing included file '/opt/uvm/uvm-1.2/src/seq/uvm_sequencer_analysis_fifo.svh'.
Back to file '/opt/uvm/uvm-1.2/src/seq/uvm_seq.svh'.
Parsing included file '/opt/uvm/uvm-1.2/src/seq/uvm_sequencer_param_base.svh'.
Back to file '/opt/uvm/uvm-1.2/src/seq/uvm_seq.svh'.
Parsing included file '/opt/uvm/uvm-1.2/src/seq/uvm_sequencer.svh'.
Back to file '/opt/uvm/uvm-1.2/src/seq/uvm_seq.svh'.
Parsing included file '/opt/uvm/uvm-1.2/src/seq/uvm_push_sequencer.svh'.
Back to file '/opt/uvm/uvm-1.2/src/seq/uvm_seq.svh'.
Parsing included file '/opt/uvm/uvm-1.2/src/seq/uvm_sequence_base.svh'.
Back to file '/opt/uvm/uvm-1.2/src/seq/uvm_seq.svh'.
Parsing included file '/opt/uvm/uvm-1.2/src/seq/uvm_sequence.svh'.
Back to file '/opt/uvm/uvm-1.2/src/seq/uvm_seq.svh'.
Parsing included file '/opt/uvm/uvm-1.2/src/seq/uvm_sequence_library.svh'.
Back to file '/opt/uvm/uvm-1.2/src/seq/uvm_seq.svh'.
Parsing included file '/opt/uvm/uvm-1.2/src/seq/uvm_sequence_builtin.svh'.
Back to file '/opt/uvm/uvm-1.2/src/seq/uvm_seq.svh'.
Back to file '/opt/uvm/uvm-1.2/src/uvm_pkg.sv'.
Parsing included file '/opt/uvm/uvm-1.2/src/tlm2/uvm_tlm2.svh'.
Parsing included file '/opt/uvm/uvm-1.2/src/tlm2/uvm_tlm2_defines.svh'.
Back to file '/opt/uvm/uvm-1.2/src/tlm2/uvm_tlm2.svh'.
Parsing included file '/opt/uvm/uvm-1.2/src/tlm2/uvm_tlm2_time.svh'.
Back to file '/opt/uvm/uvm-1.2/src/tlm2/uvm_tlm2.svh'.
Parsing included file '/opt/uvm/uvm-1.2/src/tlm2/uvm_tlm2_generic_payload.svh'.
Back to file '/opt/uvm/uvm-1.2/src/tlm2/uvm_tlm2.svh'.
Parsing included file '/opt/uvm/uvm-1.2/src/tlm2/uvm_tlm2_ifs.svh'.
Back to file '/opt/uvm/uvm-1.2/src/tlm2/uvm_tlm2.svh'.
Parsing included file '/opt/uvm/uvm-1.2/src/tlm2/uvm_tlm2_imps.svh'.
Back to file '/opt/uvm/uvm-1.2/src/tlm2/uvm_tlm2.svh'.
Parsing included file '/opt/uvm/uvm-1.2/src/tlm2/uvm_tlm2_ports.svh'.
Back to file '/opt/uvm/uvm-1.2/src/tlm2/uvm_tlm2.svh'.
Parsing included file '/opt/uvm/uvm-1.2/src/tlm2/uvm_tlm2_exports.svh'.
Back to file '/opt/uvm/uvm-1.2/src/tlm2/uvm_tlm2.svh'.
Parsing included file '/opt/uvm/uvm-1.2/src/tlm2/uvm_tlm2_sockets_base.svh'.
Back to file '/opt/uvm/uvm-1.2/src/tlm2/uvm_tlm2.svh'.
Parsing included file '/opt/uvm/uvm-1.2/src/tlm2/uvm_tlm2_sockets.svh'.
Back to file '/opt/uvm/uvm-1.2/src/tlm2/uvm_tlm2.svh'.
Back to file '/opt/uvm/uvm-1.2/src/uvm_pkg.sv'.
Parsing included file '/opt/uvm/uvm-1.2/src/reg/uvm_reg_model.svh'.
Parsing included file '/opt/uvm/uvm-1.2/src/reg/uvm_reg_item.svh'.
Back to file '/opt/uvm/uvm-1.2/src/reg/uvm_reg_model.svh'.
Parsing included file '/opt/uvm/uvm-1.2/src/reg/uvm_reg_adapter.svh'.
Back to file '/opt/uvm/uvm-1.2/src/reg/uvm_reg_model.svh'.
Parsing included file '/opt/uvm/uvm-1.2/src/reg/uvm_reg_predictor.svh'.
Back to file '/opt/uvm/uvm-1.2/src/reg/uvm_reg_model.svh'.
Parsing included file '/opt/uvm/uvm-1.2/src/reg/uvm_reg_sequence.svh'.
Back to file '/opt/uvm/uvm-1.2/src/reg/uvm_reg_model.svh'.
Parsing included file '/opt/uvm/uvm-1.2/src/reg/uvm_reg_cbs.svh'.
Back to file '/opt/uvm/uvm-1.2/src/reg/uvm_reg_model.svh'.
Parsing included file '/opt/uvm/uvm-1.2/src/reg/uvm_reg_backdoor.svh'.
Back to file '/opt/uvm/uvm-1.2/src/reg/uvm_reg_model.svh'.
Parsing included file '/opt/uvm/uvm-1.2/src/reg/uvm_reg_field.svh'.
Back to file '/opt/uvm/uvm-1.2/src/reg/uvm_reg_model.svh'.
Parsing included file '/opt/uvm/uvm-1.2/src/reg/uvm_vreg_field.svh'.
Back to file '/opt/uvm/uvm-1.2/src/reg/uvm_reg_model.svh'.
Parsing included file '/opt/uvm/uvm-1.2/src/reg/uvm_reg.svh'.
Back to file '/opt/uvm/uvm-1.2/src/reg/uvm_reg_model.svh'.
Parsing included file '/opt/uvm/uvm-1.2/src/reg/uvm_reg_indirect.svh'.
Back to file '/opt/uvm/uvm-1.2/src/reg/uvm_reg_model.svh'.
Parsing included file '/opt/uvm/uvm-1.2/src/reg/uvm_reg_fifo.svh'.
Back to file '/opt/uvm/uvm-1.2/src/reg/uvm_reg_model.svh'.
Parsing included file '/opt/uvm/uvm-1.2/src/reg/uvm_reg_file.svh'.
Back to file '/opt/uvm/uvm-1.2/src/reg/uvm_reg_model.svh'.
Parsing included file '/opt/uvm/uvm-1.2/src/reg/uvm_mem_mam.svh'.
Back to file '/opt/uvm/uvm-1.2/src/reg/uvm_reg_model.svh'.
Parsing included file '/opt/uvm/uvm-1.2/src/reg/uvm_vreg.svh'.
Back to file '/opt/uvm/uvm-1.2/src/reg/uvm_reg_model.svh'.
Parsing included file '/opt/uvm/uvm-1.2/src/reg/uvm_mem.svh'.
Back to file '/opt/uvm/uvm-1.2/src/reg/uvm_reg_model.svh'.
Parsing included file '/opt/uvm/uvm-1.2/src/reg/uvm_reg_map.svh'.
Back to file '/opt/uvm/uvm-1.2/src/reg/uvm_reg_model.svh'.
Parsing included file '/opt/uvm/uvm-1.2/src/reg/uvm_reg_block.svh'.
Back to file '/opt/uvm/uvm-1.2/src/reg/uvm_reg_model.svh'.
Parsing included file '/opt/uvm/uvm-1.2/src/reg/sequences/uvm_reg_hw_reset_seq.svh'.
Back to file '/opt/uvm/uvm-1.2/src/reg/uvm_reg_model.svh'.
Parsing included file '/opt/uvm/uvm-1.2/src/reg/sequences/uvm_reg_bit_bash_seq.svh'.
Back to file '/opt/uvm/uvm-1.2/src/reg/uvm_reg_model.svh'.
Parsing included file '/opt/uvm/uvm-1.2/src/reg/sequences/uvm_mem_walk_seq.svh'.
Back to file '/opt/uvm/uvm-1.2/src/reg/uvm_reg_model.svh'.
Parsing included file '/opt/uvm/uvm-1.2/src/reg/sequences/uvm_mem_access_seq.svh'.
Back to file '/opt/uvm/uvm-1.2/src/reg/uvm_reg_model.svh'.
Parsing included file '/opt/uvm/uvm-1.2/src/reg/sequences/uvm_reg_access_seq.svh'.
Back to file '/opt/uvm/uvm-1.2/src/reg/uvm_reg_model.svh'.
Parsing included file '/opt/uvm/uvm-1.2/src/reg/sequences/uvm_reg_mem_shared_access_seq.svh'.
Back to file '/opt/uvm/uvm-1.2/src/reg/uvm_reg_model.svh'.
Parsing included file '/opt/uvm/uvm-1.2/src/reg/sequences/uvm_reg_mem_built_in_seq.svh'.
Back to file '/opt/uvm/uvm-1.2/src/reg/uvm_reg_model.svh'.
Parsing included file '/opt/uvm/uvm-1.2/src/reg/sequences/uvm_reg_mem_hdl_paths_seq.svh'.
Back to file '/opt/uvm/uvm-1.2/src/reg/uvm_reg_model.svh'.
Back to file '/opt/uvm/uvm-1.2/src/uvm_pkg.sv'.
Back to file '/opt/uvm/uvm-1.2/src/uvm.sv'.
Parsing design file 'design.sv'
Parsing design file 'testbench.sv'
Parsing included file '/opt/uvm/uvm-1.2/src/uvm_macros.svh'.
Back to file 'testbench.sv'.
Parsing included file 'dma_interface.sv'.
Back to file 'testbench.sv'.
Parsing included file 'dma_test.sv'.
Parsing included file 'dma_env.sv'.
Parsing included file 'dma_reg.sv'.
Back to file 'dma_env.sv'.
Parsing included file 'dma_reg_sequence.sv'.
Back to file 'dma_env.sv'.
Parsing included file 'dma_agent.sv'.
Parsing included file 'dma_agent_files.sv'.
Back to file 'dma_agent.sv'.
Back to file 'dma_env.sv'.
Parsing included file 'dma_adapter.sv'.
Back to file 'dma_env.sv'.
Back to file 'dma_test.sv'.
Back to file 'testbench.sv'.
Top Level Modules:
       tb
TimeScale is 1 ns / 1 ns
Starting vcs inline pass...
6 modules and 0 UDP read.
recompiling package vcs_paramclassrepository
recompiling package _vcs_DPI_package
recompiling package uvm_pkg
recompiling module DMA
recompiling module dma_if
recompiling module tb
All of 6 modules done
make[1]: Entering directory '/home/carl/work/projects/2small/4dma/dma_with_ral/csrc' \

rm -f _csrc*.so pre_vcsobj_*.so share_vcsobj_*.so
g++-4.8 -w  -pipe -fPIC -DVCS -O -I/opt/synopsys/vcs2018/vcs/O-2018.09-SP2/include \
-c /opt/uvm/uvm-1.2/src/dpi/uvm_dpi.cc
if [ -x ../simv ]; then chmod -x ../simv; fi
g++-4.8  -o ../simv    -Wl,-rpath-link=./ -Wl,-rpath='$ORIGIN'/simv.daidir/ -Wl,-rpath=./simv.daidir/ \
-Wl,-rpath='$ORIGIN'/simv.daidir//scsim.db.dir  -Wl,--no-as-needed -rdynamic  -Wl,-rpath=/opt/synopsys/vcs2018/vcs/O-2018.09-SP2/linux64/lib \
-L/opt/synopsys/vcs2018/vcs/O-2018.09-SP2/linux64/lib  uvm_dpi.o   objs/amcQw_d.o \
_11545_archive_1.so  SIM_l.o      rmapats_mop.o rmapats.o rmar.o rmar_nd.o  rmar_llvm_0_1.o \
rmar_llvm_0_0.o          -lzerosoft_rt_stubs -lvirsim -lerrorinf -lsnpsmalloc -lvfs \
-lpthread    -lvcsnew -lsimprofile -luclinative /opt/synopsys/vcs2018/vcs/O-2018.09-SP2/linux64/lib/vcs_tls.o \
-Wl,-whole-archive -lvcsucli -Wl,-no-whole-archive       ./../simv.daidir/vc_hdrs.o \
_vcs_pli_stub_.o   /opt/synopsys/vcs2018/vcs/O-2018.09-SP2/linux64/lib/vcs_save_restore_new.o \
/opt/synopsys/verdi2018/verdi/Verdi_O-2018.09-SP2/share/PLI/VCS/LINUX64/pli.a -ldl \
-lc -lm -lpthread -ldl 
../simv up to date
make[1]: Leaving directory '/home/carl/work/projects/2small/4dma/dma_with_ral/csrc' \

Command: /home/carl/work/projects/2small/4dma/dma_with_ral/./simv +v2k +notimingcheck +nospecify +vcs+flush+all -a compile.log -gui -a run.log -ucli
Notice: timing checks disabled with +notimingcheck at compile-time
Chronologic VCS simulator copyright 1991-2018
Contains Synopsys proprietary information.
Compiler version O-2018.09-SP2_Full64; Runtime version O-2018.09-SP2_Full64;  Dec 14 18:34 2022
UVM_INFO /opt/uvm/uvm-1.2/src/base/uvm_root.svh(392) @ 0: reporter [UVM/RELNOTES] 
----------------------------------------------------------------
UVM-1.2
(C) 2007-2014 Mentor Graphics Corporation
(C) 2007-2014 Cadence Design Systems, Inc.
(C) 2006-2014 Synopsys, Inc.
(C) 2011-2013 Cypress Semiconductor Corp.
(C) 2013-2014 NVIDIA Corporation
----------------------------------------------------------------

  ***********       IMPORTANT RELEASE NOTES         ************

  You are using a version of the UVM library that has been compiled
  with `UVM_NO_DEPRECATED undefined.
  See http://www.eda.org/svdb/view.php?id=3313 for more details.

  You are using a version of the UVM library that has been compiled
  with `UVM_OBJECT_DO_NOT_NEED_CONSTRUCTOR undefined.
  See http://www.eda.org/svdb/view.php?id=3770 for more details.

      (Specify +UVM_NO_RELNOTES to turn off this notice)

VCD+ Writer O-2018.09-SP2_Full64 Copyright (c) 1991-2018 by Synopsys Inc.
           V C S   S i m u l a t i o n   R e p o r t 
Time: 0 ns
CPU Time:      0.600 seconds;       Data structure size:   8.4Mb
Wed Dec 14 18:41:21 2022
CPU time: 6.408 seconds to compile + .416 seconds to elab + .695 seconds to link + 41.936 seconds in simulation
