# Preference setting overrides
gui_set_pref_value -category {Globals} -key {app_default_font} -value {Fixed [Misc],11,-1,5,75,0,0,0,0,0}
gui_set_pref_value -category {Globals} -key {app_fixed_width_font} -value {Fixed [Misc],11,-1,5,75,0,0,0,0,0}
gui_create_pref_key -category {Globals} -key {load_detail_for_funcov} -value_type {bool} -value {false}
gui_create_pref_category -category {dlg_settings}
gui_create_pref_key -category {dlg_settings} -key {tableWithImmediatePopup} -value_type {bool} -value {true}

# State setting overrides
gui_state_default_create -off -ini
gui_set_state_value -category Globals -key recent_databases -value {{gui_open_db -file /home/carl/work/projects/module1/test_reg_model_DDR2GB_automatic/vcdplus.vpd -design V1}}
gui_set_state_value -category Layout -key child_console_size_x -value 1911
gui_set_state_value -category Layout -key child_console_size_y -value 169
gui_set_state_value -category Layout -key child_data_coltype -value 43
gui_set_state_value -category Layout -key child_data_colvariable -value 201
gui_set_state_value -category Layout -key child_data_size_x -value 287
gui_set_state_value -category Layout -key child_data_size_y -value 751
gui_set_state_value -category Layout -key child_hier_col3 -value {-1}
gui_set_state_value -category Layout -key child_hier_colhier -value 242
gui_set_state_value -category Layout -key child_hier_colpd -value 0
gui_set_state_value -category Layout -key child_hier_size_x -value 314
gui_set_state_value -category Layout -key child_hier_size_y -value 751
gui_set_state_value -category Layout -key child_source_docknewline -value false
gui_set_state_value -category Layout -key child_source_pos_x -value {-2}
gui_set_state_value -category Layout -key child_source_pos_y -value {-15}
gui_set_state_value -category Layout -key child_source_size_x -value 1313
gui_set_state_value -category Layout -key child_source_size_y -value 746
gui_set_state_value -category Layout -key child_wave_colname -value 190
gui_set_state_value -category Layout -key child_wave_colvalue -value 187
gui_set_state_value -category Layout -key child_wave_left -value 378
gui_set_state_value -category Layout -key child_wave_right -value 921
gui_set_state_value -category Layout -key main_pos_x -value 0
gui_set_state_value -category Layout -key main_pos_y -value 45
gui_set_state_value -category Layout -key main_size_x -value 1911
gui_set_state_value -category Layout -key main_size_y -value 1043
gui_set_state_value -category Layout -key stand_wave_child_docknewline -value false
gui_set_state_value -category Layout -key stand_wave_child_pos_x -value {-2}
gui_set_state_value -category Layout -key stand_wave_child_pos_y -value {-15}
gui_set_state_value -category Layout -key stand_wave_child_size_x -value 1309
gui_set_state_value -category Layout -key stand_wave_child_size_y -value 536
gui_set_state_value -category Layout -key stand_wave_top_pos_x -value 0
gui_set_state_value -category Layout -key stand_wave_top_pos_y -value 74
gui_set_state_value -category Layout -key stand_wave_top_size_x -value 1304
gui_set_state_value -category Layout -key stand_wave_top_size_y -value 722
gui_create_state_key -category FindDialog -key m_pMatchCase -value_type bool -value false
gui_create_state_key -category FindDialog -key m_pMatchWord -value_type bool -value false
gui_create_state_key -category FindDialog -key m_pUseCombo -value_type string -value {}
gui_create_state_key -category FindDialog -key m_pWrapAround -value_type bool -value true
gui_state_default_create -off

# Begin command logging
gui_open_db -file /home/carl/work/projects/2small/4dma/dma_with_ral/inter.vpd -design V1
gui_list_expand -id  Hier.1   tb
gui_list_select -id Hier.1 -current_item_name _vcs_unit__139579037 -current_item_type Scope  -selected  { _vcs_unit__139579037   }
gui_list_select -id Hier.1 -current_item_name tb.intf -current_item_type Scope  -selected  { tb.intf   }
gui_open_window Wave
gui_list_add -id Wave.1 -from Hier.1 { tb.intf } -insertionbar
gui_marker_move -id  Wave.1 C1 110
gui_zoom -window Wave.1 -full
gui_close_window -window TopLevel.2
